<?xml version="1.0" encoding="UTF-8"?>
<testsuite name="com.tw.core.HelloServletTest" tests="1" skipped="0" failures="0" errors="0" timestamp="2015-07-23T02:22:07" hostname="bogon" time="0.0">
  <properties/>
  <testcase name="test" classname="com.tw.core.HelloServletTest" time="0.0"/>
  <system-out><![CDATA[]]></system-out>
  <system-err><![CDATA[]]></system-err>
</testsuite>
