<?xml version="1.0" encoding="UTF-8"?>
<testsuite name="com.tw.core.ServiceTest" tests="1" skipped="0" failures="0" errors="0" timestamp="2015-07-29T13:28:13" hostname="Vivi.local" time="0.0">
  <properties/>
  <testcase name="test" classname="com.tw.core.ServiceTest" time="0.0"/>
  <system-out><![CDATA[]]></system-out>
  <system-err><![CDATA[]]></system-err>
</testsuite>
