<?xml version="1.0" encoding="UTF-8"?>
<testsuite name="com.tw.core.ServiceTest" tests="2" skipped="0" failures="0" errors="0" timestamp="2015-08-06T09:30:29" hostname="bogon" time="0.001">
  <properties/>
  <testcase name="test" classname="com.tw.core.ServiceTest" time="0.0"/>
  <testcase name="addOperation" classname="com.tw.core.ServiceTest" time="0.0"/>
  <system-out><![CDATA[]]></system-out>
  <system-err><![CDATA[]]></system-err>
</testsuite>
